TSError: тип Unable to compile TypeScript:
../../../angular/oswal/apiasoc/src/utils/helper.ts(354,29): error TS2304: Cannot find name 'CryptoJS'.
../../../angular/oswal/apiasoc/src/utils/helper.ts(370,35): error TS2304: Cannot find name 'CryptoJS'.
../../../angular/oswal/apiasoc/src/utils/helper.ts(373,33): error TS2304: Cannot find name 'CryptoJS'.
../../../angular/oswal/apiasoc/src/utils/helper.ts(385,30): error TS2304: Cannot find name 'CryptoJS'.

    at createTSError (C:\Users\oswal\AppData\Roaming\npm\node_modules\pm2\node_modules\ts-node\src\index.ts:859:12)
    at reportTSError (C:\Users\oswal\AppData\Roaming\npm\node_modules\pm2\node_modules\ts-node\src\index.ts:863:19)
    at getOutput (C:\Users\oswal\AppData\Roaming\npm\node_modules\pm2\node_modules\ts-node\src\index.ts:1077:36)
    at Object.compile (C:\Users\oswal\AppData\Roaming\npm\node_modules\pm2\node_modules\ts-node\src\index.ts:1433:41)
    at Module.m._compile (C:\Users\oswal\AppData\Roaming\npm\node_modules\pm2\node_modules\ts-node\src\index.ts:1617:30)
    at Module._extensions..js (node:internal/modules/cjs/loader:1213:10)
    at Object.require.extensions.<computed> [as .ts] (C:\Users\oswal\AppData\Roaming\npm\node_modules\pm2\node_modules\ts-node\src\index.ts:1621:12)
    at Module.load (node:internal/modules/cjs/loader:1037:32)
    at Function.Module._load (node:internal/modules/cjs/loader:878:12)
    at Module.require (node:internal/modules/cjs/loader:1061:19)
Channel is already closed can't broadcast error:
TypeError: Converting circular structure to JSON
    --> starting at object with constructor 'SourceFileObject'
    |     property 'statements' -> object with constructor 'Array'
    |     index 0 -> object with constructor 'NodeObject'
    --- property 'parent' closes the circle
    at stringify (<anonymous>)
    at writeChannelMessage (node:internal/child_process/serialization:159:20)
    at process.target._send (node:internal/child_process:838:17)
    at process.target.send (node:internal/child_process:738:19)
    at process.send (C:\Users\oswal\AppData\Roaming\npm\node_modules\pm2\lib\ProcessContainer.js:51:21)
    at process.uncaughtListener (C:\Users\oswal\AppData\Roaming\npm\node_modules\pm2\lib\ProcessContainer.js:275:19)
    at process.emit (node:events:525:35)
    at process.emit (node:domain:489:12)
    at process.emit.sharedData.processEmitHook.installedValue [as emit] (C:\Users\oswal\AppData\Roaming\npm\node_modules\pm2\node_modules\@cspotcode\source-map-support\source-map-support.js:745:40)
    at process._fatalException (node:internal/process/execution:149:25)
TSError: тип Unable to compile TypeScript:
../../../angular/oswal/apiasoc/src/utils/helper.ts(354,29): error TS2304: Cannot find name 'CryptoJS'.
../../../angular/oswal/apiasoc/src/utils/helper.ts(370,35): error TS2304: Cannot find name 'CryptoJS'.
../../../angular/oswal/apiasoc/src/utils/helper.ts(373,33): error TS2304: Cannot find name 'CryptoJS'.
../../../angular/oswal/apiasoc/src/utils/helper.ts(385,30): error TS2304: Cannot find name 'CryptoJS'.

    at createTSError (C:\Users\oswal\AppData\Roaming\npm\node_modules\pm2\node_modules\ts-node\src\index.ts:859:12)
    at reportTSError (C:\Users\oswal\AppData\Roaming\npm\node_modules\pm2\node_modules\ts-node\src\index.ts:863:19)
    at getOutput (C:\Users\oswal\AppData\Roaming\npm\node_modules\pm2\node_modules\ts-node\src\index.ts:1077:36)
    at Object.compile (C:\Users\oswal\AppData\Roaming\npm\node_modules\pm2\node_modules\ts-node\src\index.ts:1433:41)
    at Module.m._compile (C:\Users\oswal\AppData\Roaming\npm\node_modules\pm2\node_modules\ts-node\src\index.ts:1617:30)
    at Module._extensions..js (node:internal/modules/cjs/loader:1213:10)
    at Object.require.extensions.<computed> [as .ts] (C:\Users\oswal\AppData\Roaming\npm\node_modules\pm2\node_modules\ts-node\src\index.ts:1621:12)
    at Module.load (node:internal/modules/cjs/loader:1037:32)
    at Function.Module._load (node:internal/modules/cjs/loader:878:12)
    at Module.require (node:internal/modules/cjs/loader:1061:19)
Channel is already closed can't broadcast error:
TypeError: Converting circular structure to JSON
    --> starting at object with constructor 'SourceFileObject'
    |     property 'statements' -> object with constructor 'Array'
    |     index 0 -> object with constructor 'NodeObject'
    --- property 'parent' closes the circle
    at stringify (<anonymous>)
    at writeChannelMessage (node:internal/child_process/serialization:159:20)
    at process.target._send (node:internal/child_process:838:17)
    at process.target.send (node:internal/child_process:738:19)
    at process.send (C:\Users\oswal\AppData\Roaming\npm\node_modules\pm2\lib\ProcessContainer.js:51:21)
    at process.uncaughtListener (C:\Users\oswal\AppData\Roaming\npm\node_modules\pm2\lib\ProcessContainer.js:275:19)
    at process.emit (node:events:525:35)
    at process.emit (node:domain:489:12)
    at process.emit.sharedData.processEmitHook.installedValue [as emit] (C:\Users\oswal\AppData\Roaming\npm\node_modules\pm2\node_modules\@cspotcode\source-map-support\source-map-support.js:745:40)
    at process._fatalException (node:internal/process/execution:149:25)
TSError: тип Unable to compile TypeScript:
../../../angular/oswal/apiasoc/src/utils/helper.ts(354,29): error TS2304: Cannot find name 'CryptoJS'.
../../../angular/oswal/apiasoc/src/utils/helper.ts(370,35): error TS2304: Cannot find name 'CryptoJS'.
../../../angular/oswal/apiasoc/src/utils/helper.ts(373,33): error TS2304: Cannot find name 'CryptoJS'.
../../../angular/oswal/apiasoc/src/utils/helper.ts(385,30): error TS2304: Cannot find name 'CryptoJS'.

    at createTSError (C:\Users\oswal\AppData\Roaming\npm\node_modules\pm2\node_modules\ts-node\src\index.ts:859:12)
    at reportTSError (C:\Users\oswal\AppData\Roaming\npm\node_modules\pm2\node_modules\ts-node\src\index.ts:863:19)
    at getOutput (C:\Users\oswal\AppData\Roaming\npm\node_modules\pm2\node_modules\ts-node\src\index.ts:1077:36)
    at Object.compile (C:\Users\oswal\AppData\Roaming\npm\node_modules\pm2\node_modules\ts-node\src\index.ts:1433:41)
    at Module.m._compile (C:\Users\oswal\AppData\Roaming\npm\node_modules\pm2\node_modules\ts-node\src\index.ts:1617:30)
    at Module._extensions..js (node:internal/modules/cjs/loader:1213:10)
    at Object.require.extensions.<computed> [as .ts] (C:\Users\oswal\AppData\Roaming\npm\node_modules\pm2\node_modules\ts-node\src\index.ts:1621:12)
    at Module.load (node:internal/modules/cjs/loader:1037:32)
    at Function.Module._load (node:internal/modules/cjs/loader:878:12)
    at Module.require (node:internal/modules/cjs/loader:1061:19)
Channel is already closed can't broadcast error:
TypeError: Converting circular structure to JSON
    --> starting at object with constructor 'SourceFileObject'
    |     property 'statements' -> object with constructor 'Array'
    |     index 0 -> object with constructor 'NodeObject'
    --- property 'parent' closes the circle
    at stringify (<anonymous>)
    at writeChannelMessage (node:internal/child_process/serialization:159:20)
    at process.target._send (node:internal/child_process:838:17)
    at process.target.send (node:internal/child_process:738:19)
    at process.send (C:\Users\oswal\AppData\Roaming\npm\node_modules\pm2\lib\ProcessContainer.js:51:21)
    at process.uncaughtListener (C:\Users\oswal\AppData\Roaming\npm\node_modules\pm2\lib\ProcessContainer.js:275:19)
    at process.emit (node:events:525:35)
    at process.emit (node:domain:489:12)
    at process.emit.sharedData.processEmitHook.installedValue [as emit] (C:\Users\oswal\AppData\Roaming\npm\node_modules\pm2\node_modules\@cspotcode\source-map-support\source-map-support.js:745:40)
    at process._fatalException (node:internal/process/execution:149:25)
TSError: тип Unable to compile TypeScript:
../../../angular/oswal/apiasoc/src/utils/helper.ts(354,29): error TS2304: Cannot find name 'CryptoJS'.
../../../angular/oswal/apiasoc/src/utils/helper.ts(370,35): error TS2304: Cannot find name 'CryptoJS'.
../../../angular/oswal/apiasoc/src/utils/helper.ts(373,33): error TS2304: Cannot find name 'CryptoJS'.
../../../angular/oswal/apiasoc/src/utils/helper.ts(385,30): error TS2304: Cannot find name 'CryptoJS'.

    at createTSError (C:\Users\oswal\AppData\Roaming\npm\node_modules\pm2\node_modules\ts-node\src\index.ts:859:12)
    at reportTSError (C:\Users\oswal\AppData\Roaming\npm\node_modules\pm2\node_modules\ts-node\src\index.ts:863:19)
    at getOutput (C:\Users\oswal\AppData\Roaming\npm\node_modules\pm2\node_modules\ts-node\src\index.ts:1077:36)
    at Object.compile (C:\Users\oswal\AppData\Roaming\npm\node_modules\pm2\node_modules\ts-node\src\index.ts:1433:41)
    at Module.m._compile (C:\Users\oswal\AppData\Roaming\npm\node_modules\pm2\node_modules\ts-node\src\index.ts:1617:30)
    at Module._extensions..js (node:internal/modules/cjs/loader:1213:10)
    at Object.require.extensions.<computed> [as .ts] (C:\Users\oswal\AppData\Roaming\npm\node_modules\pm2\node_modules\ts-node\src\index.ts:1621:12)
    at Module.load (node:internal/modules/cjs/loader:1037:32)
    at Function.Module._load (node:internal/modules/cjs/loader:878:12)
    at Module.require (node:internal/modules/cjs/loader:1061:19)
Channel is already closed can't broadcast error:
TypeError: Converting circular structure to JSON
    --> starting at object with constructor 'SourceFileObject'
    |     property 'statements' -> object with constructor 'Array'
    |     index 0 -> object with constructor 'NodeObject'
    --- property 'parent' closes the circle
    at stringify (<anonymous>)
    at writeChannelMessage (node:internal/child_process/serialization:159:20)
    at process.target._send (node:internal/child_process:838:17)
    at process.target.send (node:internal/child_process:738:19)
    at process.send (C:\Users\oswal\AppData\Roaming\npm\node_modules\pm2\lib\ProcessContainer.js:51:21)
    at process.uncaughtListener (C:\Users\oswal\AppData\Roaming\npm\node_modules\pm2\lib\ProcessContainer.js:275:19)
    at process.emit (node:events:525:35)
    at process.emit (node:domain:489:12)
    at process.emit.sharedData.processEmitHook.installedValue [as emit] (C:\Users\oswal\AppData\Roaming\npm\node_modules\pm2\node_modules\@cspotcode\source-map-support\source-map-support.js:745:40)
    at process._fatalException (node:internal/process/execution:149:25)
